[35m[Appium][39m Welcome to Appium v1.22.3
[35m[Appium][39m Non-default server args:
[35m[Appium][39m   port: 52162
[35m[Appium][39m   loglevel: info
[35m[Appium][39m   tmpDir: C:\Users\frett\AppData\Local\Temp\\Katalon\Appium\Temp1687397414736
[35m[Appium][39m   chromedriverPort: 52163
[35m[Appium][39m Deprecated server args:
[35m[Appium][39m   [31m--chromedriver-port[39m => --default-capabilities
[35m[Appium][39m Default capabilities, which will be added to each request unless overridden by desired capabilities:
[35m[Appium][39m   chromedriverPort: 52163
[35m[Appium][39m Appium REST http interface listener started on 0.0.0.0:52162
[35m[HTTP][39m [37m-->[39m [37mGET[39m [37m/wd/hub/status[39m
[35m[HTTP][39m [90m{}[39m
[35m[HTTP][39m [37m<-- GET /wd/hub/status [39m[32m200[39m [90m10 ms - 68[39m
[35m[HTTP][39m [90m[39m
[35m[HTTP][39m [37m-->[39m [37mGET[39m [37m/wd/hub/status[39m
[35m[HTTP][39m [90m{}[39m
[35m[HTTP][39m [37m<-- GET /wd/hub/status [39m[32m200[39m [90m2 ms - 68[39m
[35m[HTTP][39m [90m[39m
[35m[HTTP][39m [37m-->[39m [37mPOST[39m [37m/wd/hub/session[39m
[35m[HTTP][39m [90m{"desiredCapabilities":{"app":"D:\\11419057_Fretty L M Silalahi\\Tokenomy\\2.9.2-UAT.apk","noReset":true,"deviceName":"Xiaomi M2101K7BNY (Android 13)","fullReset":false,"platform":"ANDROID","newCommandTimeout":1800,"platformVersion":"13","automationName":"uiautomator2","autoGrantPermissions":true,"platformName":"Android","udid":"W4VWAYYDNN6DGQ7H","systemPort":52168},"capabilities":{"firstMatch":[{"appium:app":"D:\\11419057_Fretty L M Silalahi\\Tokenomy\\2.9.2-UAT.apk","appium:autoGrantPermissions":true,"appium:automationName":"uiautomator2","appium:deviceName":"Xiaomi M2101K7BNY (Android 13)","appium:fullReset":false,"appium:newCommandTimeout":1800,"appium:noReset":true,"platform":"ANDROID","platformName":"android","appium:platformVersion":"13","appium:systemPort":52168,"appium:udid":"W4VWAYYDNN6DGQ7H"}]}}[39m
[35m[BaseDriver][39m The following capabilities are not standard capabilities and should have an extension prefix:
[35m[BaseDriver][39m   platform
[35m[BaseDriver][39m   chromedriverPort
[35m[Appium][39m Appium v1.22.3 creating new AndroidUiautomator2Driver (v1.70.1) session
[35m[BaseDriver][39m The following capabilities were provided, but are not recognized by Appium:
[35m[BaseDriver][39m   platform
[35m[BaseDriver][39m Session created with session id: 8fb0234a-c471-47a9-a861-fcef5bef464b
[35m[BaseDriver][39m Using local app 'D:\11419057_Fretty L M Silalahi\Tokenomy\2.9.2-UAT.apk'
[35m[ADB][39m Found 1 'build-tools' folders under 'C:\Users\frett\.katalon\tools\android_sdk' (newest first):
[35m[ADB][39m     C:/Users/frett/.katalon/tools/android_sdk/build-tools/29.0.3
[35m[ADB][39m Using 'adb.exe' from 'C:\Users\frett\.katalon\tools\android_sdk\platform-tools\adb.exe'
[35m[AndroidDriver][39m Retrieving device list
[35m[AndroidDriver][39m Using device: W4VWAYYDNN6DGQ7H
[35m[ADB][39m Using 'adb.exe' from 'C:\Users\frett\.katalon\tools\android_sdk\platform-tools\adb.exe'
[35m[ADB][39m Getting device platform version
[35m[UiAutomator2][39m Relaxing hidden api policy
[35m[ADB][39m Package name: 'com.tokenomy.app.uat'
[35m[ADB][39m Main activity name: 'com.tokenomy.app.view.splash.SplashActivity'
[35m[ADB][39m Using 'apksigner.jar' from 'C:\Users\frett\.katalon\tools\android_sdk\build-tools\29.0.3\lib\apksigner.jar'
[35m[ADB][39m 'C:\Users\frett\AppData\Roaming\npm\node_modules\appium\node_modules\appium-uiautomator2-server\apks\appium-uiautomator2-server-v4.27.0.apk' is signed with the default certificate
[35m[ADB][39m 'C:\Users\frett\AppData\Roaming\npm\node_modules\appium\node_modules\appium-uiautomator2-server\apks\appium-uiautomator2-server-debug-androidTest.apk' is signed with the default certificate
[35m[UiAutomator2][39m Server packages are not going to be (re)installed
[35m[ADB][39m Adding packages ["io.appium.settings","io.appium.uiautomator2.server","io.appium.uiautomator2.server.test"] to Doze whitelist
[35m[ADB][39m 'D:\11419057_Fretty L M Silalahi\Tokenomy\2.9.2-UAT.apk' is signed with a non-default certificate
[35m[UiAutomator2][39m Starting UIAutomator2 server 4.27.0
[35m[UiAutomator2][39m Using UIAutomator2 server from 'C:\Users\frett\AppData\Roaming\npm\node_modules\appium\node_modules\appium-uiautomator2-server\apks\appium-uiautomator2-server-v4.27.0.apk' and test from 'C:\Users\frett\AppData\Roaming\npm\node_modules\appium\node_modules\appium-uiautomator2-server\apks\appium-uiautomator2-server-debug-androidTest.apk'
[35m[UiAutomator2][39m Waiting up to 30000ms for UiAutomator2 to be online...
[35m[WD Proxy][39m socket hang up
[35m[WD Proxy][39m socket hang up
[35m[WD Proxy][39m socket hang up
[35m[WD Proxy][39m Determined the downstream protocol as 'W3C'
[35m[AndroidDriver][39m Screen already unlocked, doing nothing
[35m[UiAutomator2][39m Starting 'com.tokenomy.app.uat/com.tokenomy.app.view.splash.SplashActivity and waiting for 'com.tokenomy.app.uat/com.tokenomy.app.view.splash.SplashActivity'
[35m[Appium][39m New AndroidUiautomator2Driver session created successfully, session 8fb0234a-c471-47a9-a861-fcef5bef464b added to master session list
[35m[HTTP][39m [37m<-- POST /wd/hub/session [39m[32m200[39m [90m11296 ms - 1291[39m
[35m[HTTP][39m [90m[39m
[35m[HTTP][39m [37m-->[39m [37mGET[39m [37m/wd/hub/session/8fb0234a-c471-47a9-a861-fcef5bef464b[39m
[35m[HTTP][39m [90m{}[39m
[35m[HTTP][39m [37m<-- GET /wd/hub/session/8fb0234a-c471-47a9-a861-fcef5bef464b [39m[32m200[39m [90m18 ms - 1245[39m
[35m[HTTP][39m [90m[39m
[35m[HTTP][39m [37m-->[39m [37mGET[39m [37m/wd/hub/session/8fb0234a-c471-47a9-a861-fcef5bef464b[39m
[35m[HTTP][39m [90m{}[39m
[35m[HTTP][39m [37m<-- GET /wd/hub/session/8fb0234a-c471-47a9-a861-fcef5bef464b [39m[32m200[39m [90m15 ms - 1245[39m
[35m[HTTP][39m [90m[39m
[35m[HTTP][39m [37m-->[39m [37mGET[39m [37m/wd/hub/status[39m
[35m[HTTP][39m [90m{}[39m
[35m[HTTP][39m [37m<-- GET /wd/hub/status [39m[32m200[39m [90m2 ms - 68[39m
[35m[HTTP][39m [90m[39m
[35m[HTTP][39m [37m-->[39m [37mPOST[39m [37m/wd/hub/session/8fb0234a-c471-47a9-a861-fcef5bef464b/timeouts[39m
[35m[HTTP][39m [90m{"implicit":60000}[39m
[35m[HTTP][39m [37m<-- POST /wd/hub/session/8fb0234a-c471-47a9-a861-fcef5bef464b/timeouts [39m[32m200[39m [90m3 ms - 14[39m
[35m[HTTP][39m [90m[39m
[35m[HTTP][39m [37m-->[39m [37mGET[39m [37m/wd/hub/session/8fb0234a-c471-47a9-a861-fcef5bef464b/source[39m
[35m[HTTP][39m [90m{}[39m
[35m[W3C (8fb0234a)][39m Driver proxy active, passing request on via HTTP proxy
[35m[WD Proxy][39m Replacing sessionId 63d65e89-ff43-4e5a-8398-b93ebb614107 with 8fb0234a-c471-47a9-a861-fcef5bef464b
[35m[HTTP][39m [37m<-- GET /wd/hub/session/8fb0234a-c471-47a9-a861-fcef5bef464b/source [39m[32m200[39m [90m1879 ms - 12002[39m
[35m[HTTP][39m [90m[39m
[35m[HTTP][39m [37m-->[39m [37mGET[39m [37m/wd/hub/session/8fb0234a-c471-47a9-a861-fcef5bef464b/screenshot[39m
[35m[HTTP][39m [90m{}[39m
[35m[HTTP][39m [37m<-- GET /wd/hub/session/8fb0234a-c471-47a9-a861-fcef5bef464b/screenshot [39m[32m200[39m [90m738 ms - 187602[39m
[35m[HTTP][39m [90m[39m
[35m[HTTP][39m [37m-->[39m [37mGET[39m [37m/wd/hub/session/8fb0234a-c471-47a9-a861-fcef5bef464b/source[39m
[35m[HTTP][39m [90m{}[39m
[35m[W3C (8fb0234a)][39m Driver proxy active, passing request on via HTTP proxy
[35m[WD Proxy][39m Replacing sessionId 63d65e89-ff43-4e5a-8398-b93ebb614107 with 8fb0234a-c471-47a9-a861-fcef5bef464b
[35m[HTTP][39m [37m<-- GET /wd/hub/session/8fb0234a-c471-47a9-a861-fcef5bef464b/source [39m[32m200[39m [90m496 ms - 43977[39m
[35m[HTTP][39m [90m[39m
[35m[HTTP][39m [37m-->[39m [37mGET[39m [37m/wd/hub/session/8fb0234a-c471-47a9-a861-fcef5bef464b/screenshot[39m
[35m[HTTP][39m [90m{}[39m
[35m[HTTP][39m [37m<-- GET /wd/hub/session/8fb0234a-c471-47a9-a861-fcef5bef464b/screenshot [39m[32m200[39m [90m654 ms - 293568[39m
[35m[HTTP][39m [90m[39m
[35m[HTTP][39m [37m-->[39m [37mPOST[39m [37m/wd/hub/session/8fb0234a-c471-47a9-a861-fcef5bef464b/elements[39m
[35m[HTTP][39m [90m{"using":"xpath","value":"//*[@class = 'android.widget.FrameLayout' and @resource-id = 'com.tokenomy.app.uat:id/home' and (@text = '' or . = '')]"}[39m
[35m[HTTP][39m [37m<-- POST /wd/hub/session/8fb0234a-c471-47a9-a861-fcef5bef464b/elements [39m[32m200[39m [90m1175 ms - 139[39m
[35m[HTTP][39m [90m[39m
[35m[HTTP][39m [37m-->[39m [37mPOST[39m [37m/wd/hub/session/8fb0234a-c471-47a9-a861-fcef5bef464b/elements[39m
[35m[HTTP][39m [90m{"using":"xpath","value":"//*[@class = 'android.view.ViewGroup' and (@text = '' or . = '')]"}[39m
[35m[HTTP][39m [37m<-- POST /wd/hub/session/8fb0234a-c471-47a9-a861-fcef5bef464b/elements [39m[32m200[39m [90m660 ms - 2443[39m
[35m[HTTP][39m [90m[39m
[35m[HTTP][39m [37m-->[39m [37mPOST[39m [37m/wd/hub/session/8fb0234a-c471-47a9-a861-fcef5bef464b/elements[39m
[35m[HTTP][39m [90m{"using":"-android uiautomator","value":"new UiSelector().className(\"android.view.ViewGroup\")"}[39m
[35m[HTTP][39m [37m<-- POST /wd/hub/session/8fb0234a-c471-47a9-a861-fcef5bef464b/elements [39m[32m200[39m [90m359 ms - 2443[39m
[35m[HTTP][39m [90m[39m
[35m[HTTP][39m [37m-->[39m [37mPOST[39m [37m/wd/hub/session/8fb0234a-c471-47a9-a861-fcef5bef464b/elements[39m
[35m[HTTP][39m [90m{"using":"xpath","value":"//*[@class = 'android.widget.FrameLayout' and @resource-id = 'com.tokenomy.app.uat:id/portfolio' and (@text = '' or . = '')]"}[39m
[35m[HTTP][39m [37m<-- POST /wd/hub/session/8fb0234a-c471-47a9-a861-fcef5bef464b/elements [39m[32m200[39m [90m635 ms - 139[39m
[35m[HTTP][39m [90m[39m
[35m[HTTP][39m [37m-->[39m [37mPOST[39m [37m/wd/hub/session/8fb0234a-c471-47a9-a861-fcef5bef464b/elements[39m
[35m[HTTP][39m [90m{"using":"xpath","value":"//*[@class = 'android.widget.FrameLayout' and @resource-id = 'com.tokenomy.app.uat:id/funding' and (@text = '' or . = '')]"}[39m
[35m[HTTP][39m [37m<-- POST /wd/hub/session/8fb0234a-c471-47a9-a861-fcef5bef464b/elements [39m[32m200[39m [90m506 ms - 139[39m
[35m[HTTP][39m [90m[39m
[35m[HTTP][39m [37m-->[39m [37mPOST[39m [37m/wd/hub/session/8fb0234a-c471-47a9-a861-fcef5bef464b/elements[39m
[35m[HTTP][39m [90m{"using":"xpath","value":"//*[@class = 'android.widget.FrameLayout' and @resource-id = 'com.tokenomy.app.uat:id/history' and (@text = '' or . = '')]"}[39m
[35m[HTTP][39m [37m<-- POST /wd/hub/session/8fb0234a-c471-47a9-a861-fcef5bef464b/elements [39m[32m200[39m [90m521 ms - 139[39m
[35m[HTTP][39m [90m[39m
[35m[HTTP][39m [37m-->[39m [37mPOST[39m [37m/wd/hub/session/8fb0234a-c471-47a9-a861-fcef5bef464b/elements[39m
[35m[HTTP][39m [90m{"using":"xpath","value":"//*[@class = 'android.widget.FrameLayout' and @resource-id = 'com.tokenomy.app.uat:id/profile' and (@text = '' or . = '')]"}[39m
[35m[HTTP][39m [37m<-- POST /wd/hub/session/8fb0234a-c471-47a9-a861-fcef5bef464b/elements [39m[32m200[39m [90m528 ms - 139[39m
[35m[HTTP][39m [90m[39m
[35m[HTTP][39m [37m-->[39m [37mGET[39m [37m/wd/hub/session/8fb0234a-c471-47a9-a861-fcef5bef464b/source[39m
[35m[HTTP][39m [90m{}[39m
[35m[W3C (8fb0234a)][39m Driver proxy active, passing request on via HTTP proxy
[35m[WD Proxy][39m Replacing sessionId 63d65e89-ff43-4e5a-8398-b93ebb614107 with 8fb0234a-c471-47a9-a861-fcef5bef464b
[35m[HTTP][39m [37m<-- GET /wd/hub/session/8fb0234a-c471-47a9-a861-fcef5bef464b/source [39m[32m200[39m [90m537 ms - 43977[39m
[35m[HTTP][39m [90m[39m
[35m[HTTP][39m [37m-->[39m [37mGET[39m [37m/wd/hub/session/8fb0234a-c471-47a9-a861-fcef5bef464b/screenshot[39m
[35m[HTTP][39m [90m{}[39m
[35m[HTTP][39m [37m<-- GET /wd/hub/session/8fb0234a-c471-47a9-a861-fcef5bef464b/screenshot [39m[32m200[39m [90m661 ms - 294000[39m
[35m[HTTP][39m [90m[39m
[35m[HTTP][39m [37m-->[39m [37mPOST[39m [37m/wd/hub/session/8fb0234a-c471-47a9-a861-fcef5bef464b/elements[39m
[35m[HTTP][39m [90m{"using":"xpath","value":"//*[@class = 'android.widget.RelativeLayout' and @resource-id = 'com.tokenomy.app.uat:id/rlContent' and (@text = '' or . = '')]"}[39m
[35m[HTTP][39m [37m<-- POST /wd/hub/session/8fb0234a-c471-47a9-a861-fcef5bef464b/elements [39m[32m200[39m [90m499 ms - 651[39m
[35m[HTTP][39m [90m[39m
[35m[HTTP][39m [37m-->[39m [37mPOST[39m [37m/wd/hub/session/8fb0234a-c471-47a9-a861-fcef5bef464b/elements[39m
[35m[HTTP][39m [90m{"using":"id","value":"com.tokenomy.app.uat:id/rlContent"}[39m
[35m[HTTP][39m [37m<-- POST /wd/hub/session/8fb0234a-c471-47a9-a861-fcef5bef464b/elements [39m[32m200[39m [90m249 ms - 651[39m
[35m[HTTP][39m [90m[39m
[35m[HTTP][39m [37m-->[39m [37mPOST[39m [37m/wd/hub/session/8fb0234a-c471-47a9-a861-fcef5bef464b/elements[39m
[35m[HTTP][39m [90m{"using":"-android uiautomator","value":"new UiSelector().className(\"android.widget.RelativeLayout\").resourceId(\"com.tokenomy.app.uat:id/rlContent\")"}[39m
[35m[HTTP][39m [37m<-- POST /wd/hub/session/8fb0234a-c471-47a9-a861-fcef5bef464b/elements [39m[32m200[39m [90m320 ms - 651[39m
[35m[HTTP][39m [90m[39m
[35m[HTTP][39m [37m-->[39m [37mPOST[39m [37m/wd/hub/session/8fb0234a-c471-47a9-a861-fcef5bef464b/elements[39m
[35m[HTTP][39m [90m{"using":"xpath","value":"//*[@class = 'android.widget.RelativeLayout' and @resource-id = 'com.tokenomy.app.uat:id/rlContent' and (@text = '' or . = '')]"}[39m
[35m[HTTP][39m [37m<-- POST /wd/hub/session/8fb0234a-c471-47a9-a861-fcef5bef464b/elements [39m[32m200[39m [90m612 ms - 651[39m
[35m[HTTP][39m [90m[39m
[35m[HTTP][39m [37m-->[39m [37mPOST[39m [37m/wd/hub/session/8fb0234a-c471-47a9-a861-fcef5bef464b/elements[39m
[35m[HTTP][39m [90m{"using":"id","value":"com.tokenomy.app.uat:id/rlContent"}[39m
[35m[HTTP][39m [37m<-- POST /wd/hub/session/8fb0234a-c471-47a9-a861-fcef5bef464b/elements [39m[32m200[39m [90m230 ms - 651[39m
[35m[HTTP][39m [90m[39m
[35m[HTTP][39m [37m-->[39m [37mPOST[39m [37m/wd/hub/session/8fb0234a-c471-47a9-a861-fcef5bef464b/elements[39m
[35m[HTTP][39m [90m{"using":"-android uiautomator","value":"new UiSelector().className(\"android.widget.RelativeLayout\").resourceId(\"com.tokenomy.app.uat:id/rlContent\")"}[39m
[35m[HTTP][39m [37m<-- POST /wd/hub/session/8fb0234a-c471-47a9-a861-fcef5bef464b/elements [39m[32m200[39m [90m258 ms - 651[39m
[35m[HTTP][39m [90m[39m
[35m[HTTP][39m [37m-->[39m [37mPOST[39m [37m/wd/hub/session/8fb0234a-c471-47a9-a861-fcef5bef464b/elements[39m
[35m[HTTP][39m [90m{"using":"xpath","value":"//*[@class = 'android.widget.RelativeLayout' and @resource-id = 'com.tokenomy.app.uat:id/rlContent' and (@text = '' or . = '')]"}[39m
[35m[HTTP][39m [37m<-- POST /wd/hub/session/8fb0234a-c471-47a9-a861-fcef5bef464b/elements [39m[32m200[39m [90m591 ms - 651[39m
[35m[HTTP][39m [90m[39m
[35m[HTTP][39m [37m-->[39m [37mPOST[39m [37m/wd/hub/session/8fb0234a-c471-47a9-a861-fcef5bef464b/elements[39m
[35m[HTTP][39m [90m{"using":"id","value":"com.tokenomy.app.uat:id/rlContent"}[39m
[35m[HTTP][39m [37m<-- POST /wd/hub/session/8fb0234a-c471-47a9-a861-fcef5bef464b/elements [39m[32m200[39m [90m272 ms - 651[39m
[35m[HTTP][39m [90m[39m
[35m[HTTP][39m [37m-->[39m [37mPOST[39m [37m/wd/hub/session/8fb0234a-c471-47a9-a861-fcef5bef464b/elements[39m
[35m[HTTP][39m [90m{"using":"-android uiautomator","value":"new UiSelector().className(\"android.widget.RelativeLayout\").resourceId(\"com.tokenomy.app.uat:id/rlContent\")"}[39m
[35m[HTTP][39m [37m<-- POST /wd/hub/session/8fb0234a-c471-47a9-a861-fcef5bef464b/elements [39m[32m200[39m [90m282 ms - 651[39m
[35m[HTTP][39m [90m[39m
[35m[HTTP][39m [37m-->[39m [37mPOST[39m [37m/wd/hub/session/8fb0234a-c471-47a9-a861-fcef5bef464b/elements[39m
[35m[HTTP][39m [90m{"using":"xpath","value":"//*[@class = 'android.widget.RelativeLayout' and @resource-id = 'com.tokenomy.app.uat:id/rlContent' and (@text = '' or . = '')]"}[39m
[35m[HTTP][39m [37m<-- POST /wd/hub/session/8fb0234a-c471-47a9-a861-fcef5bef464b/elements [39m[32m200[39m [90m518 ms - 651[39m
[35m[HTTP][39m [90m[39m
[35m[HTTP][39m [37m-->[39m [37mPOST[39m [37m/wd/hub/session/8fb0234a-c471-47a9-a861-fcef5bef464b/elements[39m
[35m[HTTP][39m [90m{"using":"id","value":"com.tokenomy.app.uat:id/rlContent"}[39m
[35m[HTTP][39m [37m<-- POST /wd/hub/session/8fb0234a-c471-47a9-a861-fcef5bef464b/elements [39m[32m200[39m [90m258 ms - 651[39m
[35m[HTTP][39m [90m[39m
[35m[HTTP][39m [37m-->[39m [37mPOST[39m [37m/wd/hub/session/8fb0234a-c471-47a9-a861-fcef5bef464b/elements[39m
[35m[HTTP][39m [90m{"using":"-android uiautomator","value":"new UiSelector().className(\"android.widget.RelativeLayout\").resourceId(\"com.tokenomy.app.uat:id/rlContent\")"}[39m
[35m[HTTP][39m [37m<-- POST /wd/hub/session/8fb0234a-c471-47a9-a861-fcef5bef464b/elements [39m[32m200[39m [90m307 ms - 651[39m
[35m[HTTP][39m [90m[39m
[35m[HTTP][39m [37m-->[39m [37mPOST[39m [37m/wd/hub/session/8fb0234a-c471-47a9-a861-fcef5bef464b/elements[39m
[35m[HTTP][39m [90m{"using":"xpath","value":"//*[@class = 'android.widget.RelativeLayout' and @resource-id = 'com.tokenomy.app.uat:id/rlContent' and (@text = '' or . = '')]"}[39m
[35m[HTTP][39m [37m<-- POST /wd/hub/session/8fb0234a-c471-47a9-a861-fcef5bef464b/elements [39m[32m200[39m [90m537 ms - 651[39m
[35m[HTTP][39m [90m[39m
[35m[HTTP][39m [37m-->[39m [37mPOST[39m [37m/wd/hub/session/8fb0234a-c471-47a9-a861-fcef5bef464b/elements[39m
[35m[HTTP][39m [90m{"using":"id","value":"com.tokenomy.app.uat:id/rlContent"}[39m
[35m[HTTP][39m [37m<-- POST /wd/hub/session/8fb0234a-c471-47a9-a861-fcef5bef464b/elements [39m[32m200[39m [90m274 ms - 651[39m
[35m[HTTP][39m [90m[39m
[35m[HTTP][39m [37m-->[39m [37mPOST[39m [37m/wd/hub/session/8fb0234a-c471-47a9-a861-fcef5bef464b/elements[39m
[35m[HTTP][39m [90m{"using":"-android uiautomator","value":"new UiSelector().className(\"android.widget.RelativeLayout\").resourceId(\"com.tokenomy.app.uat:id/rlContent\")"}[39m
[35m[HTTP][39m [37m<-- POST /wd/hub/session/8fb0234a-c471-47a9-a861-fcef5bef464b/elements [39m[32m200[39m [90m274 ms - 651[39m
[35m[HTTP][39m [90m[39m
[35m[BaseDriver][39m Shutting down because we waited 1800 seconds for a command
[35m[Appium][39m Closing session, cause was 'New Command Timeout of 1800 seconds expired. Try customizing the timeout using the 'newCommandTimeout' desired capability'
[35m[Appium][39m Removing session '8fb0234a-c471-47a9-a861-fcef5bef464b' from our master session list
[35m[UiAutomator2][39m Restoring hidden api policy to the device default configuration
